Determining if the pthread_create exist failed with the following output:
Change Dir: /home/21603498/Documents/Licence3/be/git/analyseEspaceRayons/executable/CMakeFiles/CMakeTmp

Run Build Command:"/usr/bin/gmake" "cmTC_00f4a/fast"
/usr/bin/gmake -f CMakeFiles/cmTC_00f4a.dir/build.make CMakeFiles/cmTC_00f4a.dir/build
gmake[1] : on entre dans le répertoire « /winhomes/21603498/Licence3/be/git/analyseEspaceRayons/executable/CMakeFiles/CMakeTmp »
Building C object CMakeFiles/cmTC_00f4a.dir/CheckSymbolExists.c.o
/home/21603498/.linuxbrew/bin/cc     -o CMakeFiles/cmTC_00f4a.dir/CheckSymbolExists.c.o   -c /home/21603498/Documents/Licence3/be/git/analyseEspaceRayons/executable/CMakeFiles/CMakeTmp/CheckSymbolExists.c
Linking C executable cmTC_00f4a
/home/21603498/.linuxbrew/Cellar/cmake/3.7.2/bin/cmake -E cmake_link_script CMakeFiles/cmTC_00f4a.dir/link.txt --verbose=1
/home/21603498/.linuxbrew/bin/cc       CMakeFiles/cmTC_00f4a.dir/CheckSymbolExists.c.o  -o cmTC_00f4a -rdynamic 
CMakeFiles/cmTC_00f4a.dir/CheckSymbolExists.c.o: In function `main':
CheckSymbolExists.c:(.text+0x16): undefined reference to `pthread_create'
collect2: error: ld returned 1 exit status
gmake[1]: *** [cmTC_00f4a] Erreur 1
gmake[1] : on quitte le répertoire « /winhomes/21603498/Licence3/be/git/analyseEspaceRayons/executable/CMakeFiles/CMakeTmp »
gmake: *** [cmTC_00f4a/fast] Erreur 2

File /home/21603498/Documents/Licence3/be/git/analyseEspaceRayons/executable/CMakeFiles/CMakeTmp/CheckSymbolExists.c:
/* */
#include <pthread.h>

int main(int argc, char** argv)
{
  (void)argv;
#ifndef pthread_create
  return ((int*)(&pthread_create))[argc];
#else
  (void)argc;
  return 0;
#endif
}

Determining if the function pthread_create exists in the pthreads failed with the following output:
Change Dir: /home/21603498/Documents/Licence3/be/git/analyseEspaceRayons/executable/CMakeFiles/CMakeTmp

Run Build Command:"/usr/bin/gmake" "cmTC_86fa5/fast"
/usr/bin/gmake -f CMakeFiles/cmTC_86fa5.dir/build.make CMakeFiles/cmTC_86fa5.dir/build
gmake[1] : on entre dans le répertoire « /winhomes/21603498/Licence3/be/git/analyseEspaceRayons/executable/CMakeFiles/CMakeTmp »
Building C object CMakeFiles/cmTC_86fa5.dir/CheckFunctionExists.c.o
/home/21603498/.linuxbrew/bin/cc    -DCHECK_FUNCTION_EXISTS=pthread_create   -o CMakeFiles/cmTC_86fa5.dir/CheckFunctionExists.c.o   -c /home/21603498/.linuxbrew/Cellar/cmake/3.7.2/share/cmake/Modules/CheckFunctionExists.c
Linking C executable cmTC_86fa5
/home/21603498/.linuxbrew/Cellar/cmake/3.7.2/bin/cmake -E cmake_link_script CMakeFiles/cmTC_86fa5.dir/link.txt --verbose=1
/home/21603498/.linuxbrew/bin/cc   -DCHECK_FUNCTION_EXISTS=pthread_create    CMakeFiles/cmTC_86fa5.dir/CheckFunctionExists.c.o  -o cmTC_86fa5 -rdynamic -lpthreads 
/home/21603498/.linuxbrew/bin/ld: cannot find -lpthreads
collect2: error: ld returned 1 exit status
gmake[1]: *** [cmTC_86fa5] Erreur 1
gmake[1] : on quitte le répertoire « /winhomes/21603498/Licence3/be/git/analyseEspaceRayons/executable/CMakeFiles/CMakeTmp »
gmake: *** [cmTC_86fa5/fast] Erreur 2


Determining if the include file libunwind.h exists failed with the following output:
Change Dir: /home/21603498/Documents/Licence3/be/git/analyseEspaceRayons/executable/CMakeFiles/CMakeTmp

Run Build Command:"/usr/bin/gmake" "cmTC_2d466/fast"
/usr/bin/gmake -f CMakeFiles/cmTC_2d466.dir/build.make CMakeFiles/cmTC_2d466.dir/build
gmake[1] : on entre dans le répertoire « /winhomes/21603498/Licence3/be/git/analyseEspaceRayons/executable/CMakeFiles/CMakeTmp »
Building C object CMakeFiles/cmTC_2d466.dir/CheckIncludeFile.c.o
/home/21603498/.linuxbrew/bin/cc     -o CMakeFiles/cmTC_2d466.dir/CheckIncludeFile.c.o   -c /home/21603498/Documents/Licence3/be/git/analyseEspaceRayons/executable/CMakeFiles/CMakeTmp/CheckIncludeFile.c
/home/21603498/Documents/Licence3/be/git/analyseEspaceRayons/executable/CMakeFiles/CMakeTmp/CheckIncludeFile.c:1:23: fatal error: libunwind.h: No such file or directory
compilation terminated.
gmake[1]: *** [CMakeFiles/cmTC_2d466.dir/CheckIncludeFile.c.o] Erreur 1
gmake[1] : on quitte le répertoire « /winhomes/21603498/Licence3/be/git/analyseEspaceRayons/executable/CMakeFiles/CMakeTmp »
gmake: *** [cmTC_2d466/fast] Erreur 2


Determining size of unsigned __int16 failed with the following output:
Change Dir: /home/21603498/Documents/Licence3/be/git/analyseEspaceRayons/executable/CMakeFiles/CMakeTmp

Run Build Command:"/usr/bin/gmake" "cmTC_77ec5/fast"
/usr/bin/gmake -f CMakeFiles/cmTC_77ec5.dir/build.make CMakeFiles/cmTC_77ec5.dir/build
gmake[1] : on entre dans le répertoire « /winhomes/21603498/Licence3/be/git/analyseEspaceRayons/executable/CMakeFiles/CMakeTmp »
Building C object CMakeFiles/cmTC_77ec5.dir/HAVE___UINT16.c.o
/home/21603498/.linuxbrew/bin/cc     -o CMakeFiles/cmTC_77ec5.dir/HAVE___UINT16.c.o   -c /home/21603498/Documents/Licence3/be/git/analyseEspaceRayons/executable/CMakeFiles/CheckTypeSize/HAVE___UINT16.c
/home/21603498/Documents/Licence3/be/git/analyseEspaceRayons/executable/CMakeFiles/CheckTypeSize/HAVE___UINT16.c:17:31: error: expected ')' before '__int16'
 #define SIZE (sizeof(unsigned __int16))
                               ^
/home/21603498/Documents/Licence3/be/git/analyseEspaceRayons/executable/CMakeFiles/CheckTypeSize/HAVE___UINT16.c:19:12: note: in expansion of macro 'SIZE'
   ('0' + ((SIZE / 10000)%10)),
            ^
/home/21603498/Documents/Licence3/be/git/analyseEspaceRayons/executable/CMakeFiles/CheckTypeSize/HAVE___UINT16.c:17:31: error: expected ')' before '__int16'
 #define SIZE (sizeof(unsigned __int16))
                               ^
/home/21603498/Documents/Licence3/be/git/analyseEspaceRayons/executable/CMakeFiles/CheckTypeSize/HAVE___UINT16.c:20:12: note: in expansion of macro 'SIZE'
   ('0' + ((SIZE / 1000)%10)),
            ^
/home/21603498/Documents/Licence3/be/git/analyseEspaceRayons/executable/CMakeFiles/CheckTypeSize/HAVE___UINT16.c:17:31: error: expected ')' before '__int16'
 #define SIZE (sizeof(unsigned __int16))
                               ^
/home/21603498/Documents/Licence3/be/git/analyseEspaceRayons/executable/CMakeFiles/CheckTypeSize/HAVE___UINT16.c:21:12: note: in expansion of macro 'SIZE'
   ('0' + ((SIZE / 100)%10)),
            ^
/home/21603498/Documents/Licence3/be/git/analyseEspaceRayons/executable/CMakeFiles/CheckTypeSize/HAVE___UINT16.c:17:31: error: expected ')' before '__int16'
 #define SIZE (sizeof(unsigned __int16))
                               ^
/home/21603498/Documents/Licence3/be/git/analyseEspaceRayons/executable/CMakeFiles/CheckTypeSize/HAVE___UINT16.c:22:12: note: in expansion of macro 'SIZE'
   ('0' + ((SIZE / 10)%10)),
            ^
/home/21603498/Documents/Licence3/be/git/analyseEspaceRayons/executable/CMakeFiles/CheckTypeSize/HAVE___UINT16.c:17:31: error: expected ')' before '__int16'
 #define SIZE (sizeof(unsigned __int16))
                               ^
/home/21603498/Documents/Licence3/be/git/analyseEspaceRayons/executable/CMakeFiles/CheckTypeSize/HAVE___UINT16.c:23:12: note: in expansion of macro 'SIZE'
   ('0' +  (SIZE    % 10)),
            ^
gmake[1]: *** [CMakeFiles/cmTC_77ec5.dir/HAVE___UINT16.c.o] Erreur 1
gmake[1] : on quitte le répertoire « /winhomes/21603498/Licence3/be/git/analyseEspaceRayons/executable/CMakeFiles/CMakeTmp »
gmake: *** [cmTC_77ec5/fast] Erreur 2

/home/21603498/Documents/Licence3/be/git/analyseEspaceRayons/executable/CMakeFiles/CheckTypeSize/HAVE___UINT16.c:
#include <sys/types.h>
#include <stdint.h>
#include <stddef.h>


#undef KEY
#if defined(__i386)
# define KEY '_','_','i','3','8','6'
#elif defined(__x86_64)
# define KEY '_','_','x','8','6','_','6','4'
#elif defined(__ppc__)
# define KEY '_','_','p','p','c','_','_'
#elif defined(__ppc64__)
# define KEY '_','_','p','p','c','6','4','_','_'
#endif

#define SIZE (sizeof(unsigned __int16))
char info_size[] =  {'I', 'N', 'F', 'O', ':', 's','i','z','e','[',
  ('0' + ((SIZE / 10000)%10)),
  ('0' + ((SIZE / 1000)%10)),
  ('0' + ((SIZE / 100)%10)),
  ('0' + ((SIZE / 10)%10)),
  ('0' +  (SIZE    % 10)),
  ']',
#ifdef KEY
  ' ','k','e','y','[', KEY, ']',
#endif
  '\0'};

#ifdef __CLASSIC_C__
int main(argc, argv) int argc; char *argv[];
#else
int main(int argc, char *argv[])
#endif
{
  int require = 0;
  require += info_size[argc];
  (void)argv;
  return require;
}


Determining if the function dladdr exists failed with the following output:
Change Dir: /home/21603498/Documents/Licence3/be/git/analyseEspaceRayons/executable/CMakeFiles/CMakeTmp

Run Build Command:"/usr/bin/gmake" "cmTC_24a1f/fast"
/usr/bin/gmake -f CMakeFiles/cmTC_24a1f.dir/build.make CMakeFiles/cmTC_24a1f.dir/build
gmake[1] : on entre dans le répertoire « /winhomes/21603498/Licence3/be/git/analyseEspaceRayons/executable/CMakeFiles/CMakeTmp »
Building C object CMakeFiles/cmTC_24a1f.dir/CheckFunctionExists.c.o
/home/21603498/.linuxbrew/bin/cc    -DCHECK_FUNCTION_EXISTS=dladdr   -o CMakeFiles/cmTC_24a1f.dir/CheckFunctionExists.c.o   -c /home/21603498/.linuxbrew/Cellar/cmake/3.7.2/share/cmake/Modules/CheckFunctionExists.c
Linking C executable cmTC_24a1f
/home/21603498/.linuxbrew/Cellar/cmake/3.7.2/bin/cmake -E cmake_link_script CMakeFiles/cmTC_24a1f.dir/link.txt --verbose=1
/home/21603498/.linuxbrew/bin/cc   -DCHECK_FUNCTION_EXISTS=dladdr    CMakeFiles/cmTC_24a1f.dir/CheckFunctionExists.c.o  -o cmTC_24a1f -rdynamic 
CMakeFiles/cmTC_24a1f.dir/CheckFunctionExists.c.o: In function `main':
CheckFunctionExists.c:(.text+0x15): undefined reference to `dladdr'
collect2: error: ld returned 1 exit status
gmake[1]: *** [cmTC_24a1f] Erreur 1
gmake[1] : on quitte le répertoire « /winhomes/21603498/Licence3/be/git/analyseEspaceRayons/executable/CMakeFiles/CMakeTmp »
gmake: *** [cmTC_24a1f/fast] Erreur 2


Determining if the function get_static_proc_name exists in the unwind failed with the following output:
Change Dir: /home/21603498/Documents/Licence3/be/git/analyseEspaceRayons/executable/CMakeFiles/CMakeTmp

Run Build Command:"/usr/bin/gmake" "cmTC_ac8a5/fast"
/usr/bin/gmake -f CMakeFiles/cmTC_ac8a5.dir/build.make CMakeFiles/cmTC_ac8a5.dir/build
gmake[1] : on entre dans le répertoire « /winhomes/21603498/Licence3/be/git/analyseEspaceRayons/executable/CMakeFiles/CMakeTmp »
Building C object CMakeFiles/cmTC_ac8a5.dir/CheckFunctionExists.c.o
/home/21603498/.linuxbrew/bin/cc    -DCHECK_FUNCTION_EXISTS=get_static_proc_name   -o CMakeFiles/cmTC_ac8a5.dir/CheckFunctionExists.c.o   -c /home/21603498/.linuxbrew/Cellar/cmake/3.7.2/share/cmake/Modules/CheckFunctionExists.c
Linking C executable cmTC_ac8a5
/home/21603498/.linuxbrew/Cellar/cmake/3.7.2/bin/cmake -E cmake_link_script CMakeFiles/cmTC_ac8a5.dir/link.txt --verbose=1
/home/21603498/.linuxbrew/bin/cc   -DCHECK_FUNCTION_EXISTS=get_static_proc_name    CMakeFiles/cmTC_ac8a5.dir/CheckFunctionExists.c.o  -o cmTC_ac8a5 -rdynamic -lunwind 
/home/21603498/.linuxbrew/bin/ld: cannot find -lunwind
collect2: error: ld returned 1 exit status
gmake[1]: *** [cmTC_ac8a5] Erreur 1
gmake[1] : on quitte le répertoire « /winhomes/21603498/Licence3/be/git/analyseEspaceRayons/executable/CMakeFiles/CMakeTmp »
gmake: *** [cmTC_ac8a5/fast] Erreur 2


Performing C SOURCE FILE Test HAVE_RWLOCK failed with the following output:
Change Dir: /home/21603498/Documents/Licence3/be/git/analyseEspaceRayons/executable/CMakeFiles/CMakeTmp

Run Build Command:"/usr/bin/gmake" "cmTC_c0522/fast"
/usr/bin/gmake -f CMakeFiles/cmTC_c0522.dir/build.make CMakeFiles/cmTC_c0522.dir/build
gmake[1] : on entre dans le répertoire « /winhomes/21603498/Licence3/be/git/analyseEspaceRayons/executable/CMakeFiles/CMakeTmp »
Building C object CMakeFiles/cmTC_c0522.dir/src.c.o
/home/21603498/.linuxbrew/bin/cc    -DHAVE_RWLOCK   -o CMakeFiles/cmTC_c0522.dir/src.c.o   -c /home/21603498/Documents/Licence3/be/git/analyseEspaceRayons/executable/CMakeFiles/CMakeTmp/src.c
Linking C executable cmTC_c0522
/home/21603498/.linuxbrew/Cellar/cmake/3.7.2/bin/cmake -E cmake_link_script CMakeFiles/cmTC_c0522.dir/link.txt --verbose=1
/home/21603498/.linuxbrew/bin/cc   -DHAVE_RWLOCK    CMakeFiles/cmTC_c0522.dir/src.c.o  -o cmTC_c0522 -rdynamic 
CMakeFiles/cmTC_c0522.dir/src.c.o: In function `main':
src.c:(.text+0x15): undefined reference to `pthread_rwlock_init'
src.c:(.text+0x21): undefined reference to `pthread_rwlock_rdlock'
collect2: error: ld returned 1 exit status
gmake[1]: *** [cmTC_c0522] Erreur 1
gmake[1] : on quitte le répertoire « /winhomes/21603498/Licence3/be/git/analyseEspaceRayons/executable/CMakeFiles/CMakeTmp »
gmake: *** [cmTC_c0522/fast] Erreur 2

Source file was:

#define _XOPEN_SOURCE 500
#include <pthread.h>
int main(void)
{
  pthread_rwlock_t l;
  pthread_rwlock_init(&l, NULL);
  pthread_rwlock_rdlock(&l);
  return 0;
}

Performing C SOURCE FILE Test HAVE___DECLSPEC failed with the following output:
Change Dir: /home/21603498/Documents/Licence3/be/git/analyseEspaceRayons/executable/CMakeFiles/CMakeTmp

Run Build Command:"/usr/bin/gmake" "cmTC_a8ceb/fast"
/usr/bin/gmake -f CMakeFiles/cmTC_a8ceb.dir/build.make CMakeFiles/cmTC_a8ceb.dir/build
gmake[1] : on entre dans le répertoire « /winhomes/21603498/Licence3/be/git/analyseEspaceRayons/executable/CMakeFiles/CMakeTmp »
Building C object CMakeFiles/cmTC_a8ceb.dir/src.c.o
/home/21603498/.linuxbrew/bin/cc    -DHAVE___DECLSPEC   -o CMakeFiles/cmTC_a8ceb.dir/src.c.o   -c /home/21603498/Documents/Licence3/be/git/analyseEspaceRayons/executable/CMakeFiles/CMakeTmp/src.c
/home/21603498/Documents/Licence3/be/git/analyseEspaceRayons/executable/CMakeFiles/CMakeTmp/src.c:2:1: warning: return type defaults to 'int' [-Wimplicit-int]
 __declspec(selectany) int a;
 ^
/home/21603498/Documents/Licence3/be/git/analyseEspaceRayons/executable/CMakeFiles/CMakeTmp/src.c: In function '__declspec':
/home/21603498/Documents/Licence3/be/git/analyseEspaceRayons/executable/CMakeFiles/CMakeTmp/src.c:3:16: error: expected '=', ',', ';', 'asm' or '__attribute__' before '{' token
 int main(void) { return 0; }
                ^
/home/21603498/Documents/Licence3/be/git/analyseEspaceRayons/executable/CMakeFiles/CMakeTmp/src.c:2:1: warning: type of 'selectany' defaults to 'int' [-Wimplicit-int]
 __declspec(selectany) int a;
 ^
/home/21603498/Documents/Licence3/be/git/analyseEspaceRayons/executable/CMakeFiles/CMakeTmp/src.c:2:27: error: declaration for parameter 'a' but no such parameter
 __declspec(selectany) int a;
                           ^
/home/21603498/Documents/Licence3/be/git/analyseEspaceRayons/executable/CMakeFiles/CMakeTmp/src.c:3:16: error: expected '{' at end of input
 int main(void) { return 0; }
                ^
gmake[1]: *** [CMakeFiles/cmTC_a8ceb.dir/src.c.o] Erreur 1
gmake[1] : on quitte le répertoire « /winhomes/21603498/Licence3/be/git/analyseEspaceRayons/executable/CMakeFiles/CMakeTmp »
gmake: *** [cmTC_a8ceb/fast] Erreur 2

Source file was:

__declspec(selectany) int a;
int main(void) { return 0; }

Performing C++ SOURCE FILE Test STL_NO_NAMESPACE failed with the following output:
Change Dir: /home/21603498/Documents/Licence3/be/git/analyseEspaceRayons/executable/CMakeFiles/CMakeTmp

Run Build Command:"/usr/bin/gmake" "cmTC_0d272/fast"
/usr/bin/gmake -f CMakeFiles/cmTC_0d272.dir/build.make CMakeFiles/cmTC_0d272.dir/build
gmake[1] : on entre dans le répertoire « /winhomes/21603498/Licence3/be/git/analyseEspaceRayons/executable/CMakeFiles/CMakeTmp »
Building CXX object CMakeFiles/cmTC_0d272.dir/src.cxx.o
/home/21603498/.linuxbrew/bin/c++     -std=gnu++11 -Wno-conversion-null -DSTL_NO_NAMESPACE   -o CMakeFiles/cmTC_0d272.dir/src.cxx.o -c /home/21603498/Documents/Licence3/be/git/analyseEspaceRayons/executable/CMakeFiles/CMakeTmp/src.cxx
/home/21603498/Documents/Licence3/be/git/analyseEspaceRayons/executable/CMakeFiles/CMakeTmp/src.cxx:3:1: error: 'vector' does not name a type
 vector<int> t; int main() { }
 ^
gmake[1]: *** [CMakeFiles/cmTC_0d272.dir/src.cxx.o] Erreur 1
gmake[1] : on quitte le répertoire « /winhomes/21603498/Licence3/be/git/analyseEspaceRayons/executable/CMakeFiles/CMakeTmp »
gmake: *** [cmTC_0d272/fast] Erreur 2

Source file was:

#include <vector>
vector<int> t; int main() { }

