Determining if the pthread_create exist failed with the following output:
Change Dir: /home/21303468/workspace/analyseEspaceRayons/exe/CMakeFiles/CMakeTmp

Run Build Command:"/usr/bin/gmake" "cmTC_8bb29/fast"
/usr/bin/gmake -f CMakeFiles/cmTC_8bb29.dir/build.make CMakeFiles/cmTC_8bb29.dir/build
gmake[1] : on entre dans le répertoire « /home/21303468/workspace/analyseEspaceRayons/exe/CMakeFiles/CMakeTmp »
Building C object CMakeFiles/cmTC_8bb29.dir/CheckSymbolExists.c.o
/home/21303468/.linuxbrew/bin/cc     -o CMakeFiles/cmTC_8bb29.dir/CheckSymbolExists.c.o   -c /home/21303468/workspace/analyseEspaceRayons/exe/CMakeFiles/CMakeTmp/CheckSymbolExists.c
Linking C executable cmTC_8bb29
/home/21303468/.linuxbrew/Cellar/cmake/3.7.2/bin/cmake -E cmake_link_script CMakeFiles/cmTC_8bb29.dir/link.txt --verbose=1
/home/21303468/.linuxbrew/bin/cc       CMakeFiles/cmTC_8bb29.dir/CheckSymbolExists.c.o  -o cmTC_8bb29 -rdynamic 
CMakeFiles/cmTC_8bb29.dir/CheckSymbolExists.c.o: In function `main':
CheckSymbolExists.c:(.text+0x16): undefined reference to `pthread_create'
collect2: error: ld returned 1 exit status
gmake[1]: *** [cmTC_8bb29] Erreur 1
gmake[1] : on quitte le répertoire « /home/21303468/workspace/analyseEspaceRayons/exe/CMakeFiles/CMakeTmp »
gmake: *** [cmTC_8bb29/fast] Erreur 2

File /home/21303468/workspace/analyseEspaceRayons/exe/CMakeFiles/CMakeTmp/CheckSymbolExists.c:
/* */
#include <pthread.h>

int main(int argc, char** argv)
{
  (void)argv;
#ifndef pthread_create
  return ((int*)(&pthread_create))[argc];
#else
  (void)argc;
  return 0;
#endif
}

Determining if the function pthread_create exists in the pthreads failed with the following output:
Change Dir: /home/21303468/workspace/analyseEspaceRayons/exe/CMakeFiles/CMakeTmp

Run Build Command:"/usr/bin/gmake" "cmTC_f7604/fast"
/usr/bin/gmake -f CMakeFiles/cmTC_f7604.dir/build.make CMakeFiles/cmTC_f7604.dir/build
gmake[1] : on entre dans le répertoire « /home/21303468/workspace/analyseEspaceRayons/exe/CMakeFiles/CMakeTmp »
Building C object CMakeFiles/cmTC_f7604.dir/CheckFunctionExists.c.o
/home/21303468/.linuxbrew/bin/cc    -DCHECK_FUNCTION_EXISTS=pthread_create   -o CMakeFiles/cmTC_f7604.dir/CheckFunctionExists.c.o   -c /home/21303468/.linuxbrew/Cellar/cmake/3.7.2/share/cmake/Modules/CheckFunctionExists.c
Linking C executable cmTC_f7604
/home/21303468/.linuxbrew/Cellar/cmake/3.7.2/bin/cmake -E cmake_link_script CMakeFiles/cmTC_f7604.dir/link.txt --verbose=1
/home/21303468/.linuxbrew/bin/cc   -DCHECK_FUNCTION_EXISTS=pthread_create    CMakeFiles/cmTC_f7604.dir/CheckFunctionExists.c.o  -o cmTC_f7604 -rdynamic -lpthreads 
/home/21303468/.linuxbrew/bin/ld: cannot find -lpthreads
collect2: error: ld returned 1 exit status
gmake[1]: *** [cmTC_f7604] Erreur 1
gmake[1] : on quitte le répertoire « /home/21303468/workspace/analyseEspaceRayons/exe/CMakeFiles/CMakeTmp »
gmake: *** [cmTC_f7604/fast] Erreur 2


Determining if the include file libunwind.h exists failed with the following output:
Change Dir: /home/21303468/workspace/analyseEspaceRayons/exe/CMakeFiles/CMakeTmp

Run Build Command:"/usr/bin/gmake" "cmTC_e1753/fast"
/usr/bin/gmake -f CMakeFiles/cmTC_e1753.dir/build.make CMakeFiles/cmTC_e1753.dir/build
gmake[1] : on entre dans le répertoire « /home/21303468/workspace/analyseEspaceRayons/exe/CMakeFiles/CMakeTmp »
Building C object CMakeFiles/cmTC_e1753.dir/CheckIncludeFile.c.o
/home/21303468/.linuxbrew/bin/cc     -o CMakeFiles/cmTC_e1753.dir/CheckIncludeFile.c.o   -c /home/21303468/workspace/analyseEspaceRayons/exe/CMakeFiles/CMakeTmp/CheckIncludeFile.c
/home/21303468/workspace/analyseEspaceRayons/exe/CMakeFiles/CMakeTmp/CheckIncludeFile.c:1:23: fatal error: libunwind.h: No such file or directory
compilation terminated.
gmake[1]: *** [CMakeFiles/cmTC_e1753.dir/CheckIncludeFile.c.o] Erreur 1
gmake[1] : on quitte le répertoire « /home/21303468/workspace/analyseEspaceRayons/exe/CMakeFiles/CMakeTmp »
gmake: *** [cmTC_e1753/fast] Erreur 2


Determining size of unsigned __int16 failed with the following output:
Change Dir: /home/21303468/workspace/analyseEspaceRayons/exe/CMakeFiles/CMakeTmp

Run Build Command:"/usr/bin/gmake" "cmTC_241b4/fast"
/usr/bin/gmake -f CMakeFiles/cmTC_241b4.dir/build.make CMakeFiles/cmTC_241b4.dir/build
gmake[1] : on entre dans le répertoire « /home/21303468/workspace/analyseEspaceRayons/exe/CMakeFiles/CMakeTmp »
Building C object CMakeFiles/cmTC_241b4.dir/HAVE___UINT16.c.o
/home/21303468/.linuxbrew/bin/cc     -o CMakeFiles/cmTC_241b4.dir/HAVE___UINT16.c.o   -c /home/21303468/workspace/analyseEspaceRayons/exe/CMakeFiles/CheckTypeSize/HAVE___UINT16.c
/home/21303468/workspace/analyseEspaceRayons/exe/CMakeFiles/CheckTypeSize/HAVE___UINT16.c:17:31: error: expected ')' before '__int16'
 #define SIZE (sizeof(unsigned __int16))
                               ^
/home/21303468/workspace/analyseEspaceRayons/exe/CMakeFiles/CheckTypeSize/HAVE___UINT16.c:19:12: note: in expansion of macro 'SIZE'
   ('0' + ((SIZE / 10000)%10)),
            ^
/home/21303468/workspace/analyseEspaceRayons/exe/CMakeFiles/CheckTypeSize/HAVE___UINT16.c:17:31: error: expected ')' before '__int16'
 #define SIZE (sizeof(unsigned __int16))
                               ^
/home/21303468/workspace/analyseEspaceRayons/exe/CMakeFiles/CheckTypeSize/HAVE___UINT16.c:20:12: note: in expansion of macro 'SIZE'
   ('0' + ((SIZE / 1000)%10)),
            ^
/home/21303468/workspace/analyseEspaceRayons/exe/CMakeFiles/CheckTypeSize/HAVE___UINT16.c:17:31: error: expected ')' before '__int16'
 #define SIZE (sizeof(unsigned __int16))
                               ^
/home/21303468/workspace/analyseEspaceRayons/exe/CMakeFiles/CheckTypeSize/HAVE___UINT16.c:21:12: note: in expansion of macro 'SIZE'
   ('0' + ((SIZE / 100)%10)),
            ^
/home/21303468/workspace/analyseEspaceRayons/exe/CMakeFiles/CheckTypeSize/HAVE___UINT16.c:17:31: error: expected ')' before '__int16'
 #define SIZE (sizeof(unsigned __int16))
                               ^
/home/21303468/workspace/analyseEspaceRayons/exe/CMakeFiles/CheckTypeSize/HAVE___UINT16.c:22:12: note: in expansion of macro 'SIZE'
   ('0' + ((SIZE / 10)%10)),
            ^
/home/21303468/workspace/analyseEspaceRayons/exe/CMakeFiles/CheckTypeSize/HAVE___UINT16.c:17:31: error: expected ')' before '__int16'
 #define SIZE (sizeof(unsigned __int16))
                               ^
/home/21303468/workspace/analyseEspaceRayons/exe/CMakeFiles/CheckTypeSize/HAVE___UINT16.c:23:12: note: in expansion of macro 'SIZE'
   ('0' +  (SIZE    % 10)),
            ^
gmake[1]: *** [CMakeFiles/cmTC_241b4.dir/HAVE___UINT16.c.o] Erreur 1
gmake[1] : on quitte le répertoire « /home/21303468/workspace/analyseEspaceRayons/exe/CMakeFiles/CMakeTmp »
gmake: *** [cmTC_241b4/fast] Erreur 2

/home/21303468/workspace/analyseEspaceRayons/exe/CMakeFiles/CheckTypeSize/HAVE___UINT16.c:
#include <sys/types.h>
#include <stdint.h>
#include <stddef.h>


#undef KEY
#if defined(__i386)
# define KEY '_','_','i','3','8','6'
#elif defined(__x86_64)
# define KEY '_','_','x','8','6','_','6','4'
#elif defined(__ppc__)
# define KEY '_','_','p','p','c','_','_'
#elif defined(__ppc64__)
# define KEY '_','_','p','p','c','6','4','_','_'
#endif

#define SIZE (sizeof(unsigned __int16))
char info_size[] =  {'I', 'N', 'F', 'O', ':', 's','i','z','e','[',
  ('0' + ((SIZE / 10000)%10)),
  ('0' + ((SIZE / 1000)%10)),
  ('0' + ((SIZE / 100)%10)),
  ('0' + ((SIZE / 10)%10)),
  ('0' +  (SIZE    % 10)),
  ']',
#ifdef KEY
  ' ','k','e','y','[', KEY, ']',
#endif
  '\0'};

#ifdef __CLASSIC_C__
int main(argc, argv) int argc; char *argv[];
#else
int main(int argc, char *argv[])
#endif
{
  int require = 0;
  require += info_size[argc];
  (void)argv;
  return require;
}


Determining if the function dladdr exists failed with the following output:
Change Dir: /home/21303468/workspace/analyseEspaceRayons/exe/CMakeFiles/CMakeTmp

Run Build Command:"/usr/bin/gmake" "cmTC_ed88a/fast"
/usr/bin/gmake -f CMakeFiles/cmTC_ed88a.dir/build.make CMakeFiles/cmTC_ed88a.dir/build
gmake[1] : on entre dans le répertoire « /home/21303468/workspace/analyseEspaceRayons/exe/CMakeFiles/CMakeTmp »
Building C object CMakeFiles/cmTC_ed88a.dir/CheckFunctionExists.c.o
/home/21303468/.linuxbrew/bin/cc    -DCHECK_FUNCTION_EXISTS=dladdr   -o CMakeFiles/cmTC_ed88a.dir/CheckFunctionExists.c.o   -c /home/21303468/.linuxbrew/Cellar/cmake/3.7.2/share/cmake/Modules/CheckFunctionExists.c
Linking C executable cmTC_ed88a
/home/21303468/.linuxbrew/Cellar/cmake/3.7.2/bin/cmake -E cmake_link_script CMakeFiles/cmTC_ed88a.dir/link.txt --verbose=1
/home/21303468/.linuxbrew/bin/cc   -DCHECK_FUNCTION_EXISTS=dladdr    CMakeFiles/cmTC_ed88a.dir/CheckFunctionExists.c.o  -o cmTC_ed88a -rdynamic 
CMakeFiles/cmTC_ed88a.dir/CheckFunctionExists.c.o: In function `main':
CheckFunctionExists.c:(.text+0x15): undefined reference to `dladdr'
collect2: error: ld returned 1 exit status
gmake[1]: *** [cmTC_ed88a] Erreur 1
gmake[1] : on quitte le répertoire « /home/21303468/workspace/analyseEspaceRayons/exe/CMakeFiles/CMakeTmp »
gmake: *** [cmTC_ed88a/fast] Erreur 2


Determining if the function get_static_proc_name exists in the unwind failed with the following output:
Change Dir: /home/21303468/workspace/analyseEspaceRayons/exe/CMakeFiles/CMakeTmp

Run Build Command:"/usr/bin/gmake" "cmTC_0e137/fast"
/usr/bin/gmake -f CMakeFiles/cmTC_0e137.dir/build.make CMakeFiles/cmTC_0e137.dir/build
gmake[1] : on entre dans le répertoire « /home/21303468/workspace/analyseEspaceRayons/exe/CMakeFiles/CMakeTmp »
Building C object CMakeFiles/cmTC_0e137.dir/CheckFunctionExists.c.o
/home/21303468/.linuxbrew/bin/cc    -DCHECK_FUNCTION_EXISTS=get_static_proc_name   -o CMakeFiles/cmTC_0e137.dir/CheckFunctionExists.c.o   -c /home/21303468/.linuxbrew/Cellar/cmake/3.7.2/share/cmake/Modules/CheckFunctionExists.c
Linking C executable cmTC_0e137
/home/21303468/.linuxbrew/Cellar/cmake/3.7.2/bin/cmake -E cmake_link_script CMakeFiles/cmTC_0e137.dir/link.txt --verbose=1
/home/21303468/.linuxbrew/bin/cc   -DCHECK_FUNCTION_EXISTS=get_static_proc_name    CMakeFiles/cmTC_0e137.dir/CheckFunctionExists.c.o  -o cmTC_0e137 -rdynamic -lunwind 
/home/21303468/.linuxbrew/bin/ld: cannot find -lunwind
collect2: error: ld returned 1 exit status
gmake[1]: *** [cmTC_0e137] Erreur 1
gmake[1] : on quitte le répertoire « /home/21303468/workspace/analyseEspaceRayons/exe/CMakeFiles/CMakeTmp »
gmake: *** [cmTC_0e137/fast] Erreur 2


Performing C SOURCE FILE Test HAVE_RWLOCK failed with the following output:
Change Dir: /home/21303468/workspace/analyseEspaceRayons/exe/CMakeFiles/CMakeTmp

Run Build Command:"/usr/bin/gmake" "cmTC_6db0e/fast"
/usr/bin/gmake -f CMakeFiles/cmTC_6db0e.dir/build.make CMakeFiles/cmTC_6db0e.dir/build
gmake[1] : on entre dans le répertoire « /home/21303468/workspace/analyseEspaceRayons/exe/CMakeFiles/CMakeTmp »
Building C object CMakeFiles/cmTC_6db0e.dir/src.c.o
/home/21303468/.linuxbrew/bin/cc    -DHAVE_RWLOCK   -o CMakeFiles/cmTC_6db0e.dir/src.c.o   -c /home/21303468/workspace/analyseEspaceRayons/exe/CMakeFiles/CMakeTmp/src.c
Linking C executable cmTC_6db0e
/home/21303468/.linuxbrew/Cellar/cmake/3.7.2/bin/cmake -E cmake_link_script CMakeFiles/cmTC_6db0e.dir/link.txt --verbose=1
/home/21303468/.linuxbrew/bin/cc   -DHAVE_RWLOCK    CMakeFiles/cmTC_6db0e.dir/src.c.o  -o cmTC_6db0e -rdynamic 
CMakeFiles/cmTC_6db0e.dir/src.c.o: In function `main':
src.c:(.text+0x15): undefined reference to `pthread_rwlock_init'
src.c:(.text+0x21): undefined reference to `pthread_rwlock_rdlock'
collect2: error: ld returned 1 exit status
gmake[1]: *** [cmTC_6db0e] Erreur 1
gmake[1] : on quitte le répertoire « /home/21303468/workspace/analyseEspaceRayons/exe/CMakeFiles/CMakeTmp »
gmake: *** [cmTC_6db0e/fast] Erreur 2

Source file was:

#define _XOPEN_SOURCE 500
#include <pthread.h>
int main(void)
{
  pthread_rwlock_t l;
  pthread_rwlock_init(&l, NULL);
  pthread_rwlock_rdlock(&l);
  return 0;
}

Performing C SOURCE FILE Test HAVE___DECLSPEC failed with the following output:
Change Dir: /home/21303468/workspace/analyseEspaceRayons/exe/CMakeFiles/CMakeTmp

Run Build Command:"/usr/bin/gmake" "cmTC_71154/fast"
/usr/bin/gmake -f CMakeFiles/cmTC_71154.dir/build.make CMakeFiles/cmTC_71154.dir/build
gmake[1] : on entre dans le répertoire « /home/21303468/workspace/analyseEspaceRayons/exe/CMakeFiles/CMakeTmp »
Building C object CMakeFiles/cmTC_71154.dir/src.c.o
/home/21303468/.linuxbrew/bin/cc    -DHAVE___DECLSPEC   -o CMakeFiles/cmTC_71154.dir/src.c.o   -c /home/21303468/workspace/analyseEspaceRayons/exe/CMakeFiles/CMakeTmp/src.c
/home/21303468/workspace/analyseEspaceRayons/exe/CMakeFiles/CMakeTmp/src.c:2:1: warning: return type defaults to 'int' [-Wimplicit-int]
 __declspec(selectany) int a;
 ^
/home/21303468/workspace/analyseEspaceRayons/exe/CMakeFiles/CMakeTmp/src.c: In function '__declspec':
/home/21303468/workspace/analyseEspaceRayons/exe/CMakeFiles/CMakeTmp/src.c:3:16: error: expected '=', ',', ';', 'asm' or '__attribute__' before '{' token
 int main(void) { return 0; }
                ^
/home/21303468/workspace/analyseEspaceRayons/exe/CMakeFiles/CMakeTmp/src.c:2:1: warning: type of 'selectany' defaults to 'int' [-Wimplicit-int]
 __declspec(selectany) int a;
 ^
/home/21303468/workspace/analyseEspaceRayons/exe/CMakeFiles/CMakeTmp/src.c:2:27: error: declaration for parameter 'a' but no such parameter
 __declspec(selectany) int a;
                           ^
/home/21303468/workspace/analyseEspaceRayons/exe/CMakeFiles/CMakeTmp/src.c:3:16: error: expected '{' at end of input
 int main(void) { return 0; }
                ^
gmake[1]: *** [CMakeFiles/cmTC_71154.dir/src.c.o] Erreur 1
gmake[1] : on quitte le répertoire « /home/21303468/workspace/analyseEspaceRayons/exe/CMakeFiles/CMakeTmp »
gmake: *** [cmTC_71154/fast] Erreur 2

Source file was:

__declspec(selectany) int a;
int main(void) { return 0; }

Performing C++ SOURCE FILE Test STL_NO_NAMESPACE failed with the following output:
Change Dir: /home/21303468/workspace/analyseEspaceRayons/exe/CMakeFiles/CMakeTmp

Run Build Command:"/usr/bin/gmake" "cmTC_6b55a/fast"
/usr/bin/gmake -f CMakeFiles/cmTC_6b55a.dir/build.make CMakeFiles/cmTC_6b55a.dir/build
gmake[1] : on entre dans le répertoire « /home/21303468/workspace/analyseEspaceRayons/exe/CMakeFiles/CMakeTmp »
Building CXX object CMakeFiles/cmTC_6b55a.dir/src.cxx.o
/home/21303468/.linuxbrew/bin/c++     -std=gnu++11 -Wno-conversion-null -DSTL_NO_NAMESPACE   -o CMakeFiles/cmTC_6b55a.dir/src.cxx.o -c /home/21303468/workspace/analyseEspaceRayons/exe/CMakeFiles/CMakeTmp/src.cxx
/home/21303468/workspace/analyseEspaceRayons/exe/CMakeFiles/CMakeTmp/src.cxx:3:1: error: 'vector' does not name a type
 vector<int> t; int main() { }
 ^
gmake[1]: *** [CMakeFiles/cmTC_6b55a.dir/src.cxx.o] Erreur 1
gmake[1] : on quitte le répertoire « /home/21303468/workspace/analyseEspaceRayons/exe/CMakeFiles/CMakeTmp »
gmake: *** [cmTC_6b55a/fast] Erreur 2

Source file was:

#include <vector>
vector<int> t; int main() { }

